Iteration:  NumOfCars:  CarsThatDontFit:  FreeSpace:  PercentFreeSpace:
  0  28  0  365.000000  73.000000 
  1  54  0  235.000000  47.000000 
  2  75  7  125.000000  25.000000 
  3  75  26  125.000000  25.000000 
  4  75  33  125.000000  25.000000 
  5  75  34  125.000000  25.000000 
  6  75  34  125.000000  25.000000 
  7  75  30  125.000000  25.000000 
  8  75  28  125.000000  25.000000 
  9  75  24  125.000000  25.000000 
  10  58  28  125.000000  25.000000 
  11  47  10  125.000000  25.000000 
  12  51  4  130.000000  26.000000 
  13  71  1  110.000000  22.000000 
  14  78  27  110.000000  22.000000 
  15  78  33  110.000000  22.000000 
  16  78  25  110.000000  22.000000 
  17  78  28  110.000000  22.000000 
  18  78  28  110.000000  22.000000 
  19  78  32  110.000000  22.000000 
  20  76  26  110.000000  22.000000 
  21  70  27  110.000000  22.000000 
  22  57  28  110.000000  22.000000 
  23  50  0  125.000000  25.000000 
  24  63  3  120.000000  24.000000 
  25  69  15  115.000000  23.000000 
  26  77  19  115.000000  23.000000 
  27  77  32  115.000000  23.000000 
  28  77  38  115.000000  23.000000 
  29  77  29  115.000000  23.000000 
  30  77  23  115.000000  23.000000 
  31  76  29  115.000000  23.000000 
  32  72  30  115.000000  23.000000 
  33  65  17  110.000000  22.000000 
  34  54  12  110.000000  22.000000 
  35  61  11  105.000000  21.000000 
  36  68  15  110.000000  22.000000 
  37  71  20  115.000000  23.000000 
  38  77  26  115.000000  23.000000 
  39  77  31  115.000000  23.000000 
  40  77  30  115.000000  23.000000 
  41  77  19  115.000000  23.000000 
  42  76  20  115.000000  23.000000 
  43  74  39  115.000000  23.000000 
  44  64  26  115.000000  23.000000 
  45  61  18  110.000000  22.000000 
  46  57  6  110.000000  22.000000 
  47  65  13  120.000000  24.000000 
  48  66  17  125.000000  25.000000 
  49  74  21  120.000000  24.000000 
  50  76  26  120.000000  24.000000 
  51  76  28  120.000000  24.000000 
  52  76  33  120.000000  24.000000 
  53  76  31  120.000000  24.000000 
  54  75  27  120.000000  24.000000 
  55  66  22  120.000000  24.000000 
  56  61  24  115.000000  23.000000 
  57  62  18  110.000000  22.000000 
  58  63  23  115.000000  23.000000 
  59  62  18  120.000000  24.000000 
  60  74  13  115.000000  23.000000 
  61  75  25  115.000000  23.000000 
  62  77  22  115.000000  23.000000 
  63  77  30  115.000000  23.000000 
  64  77  36  115.000000  23.000000 
  65  76  33  115.000000  23.000000 
  66  71  40  115.000000  23.000000 
  67  66  23  115.000000  23.000000 
  68  60  16  115.000000  23.000000 
  69  61  14  115.000000  23.000000 
  70  65  22  115.000000  23.000000 
  71  68  19  115.000000  23.000000 
  72  72  24  115.000000  23.000000 
  73  77  31  115.000000  23.000000 
  74  77  21  115.000000  23.000000 
  75  77  29  115.000000  23.000000 
  76  76  32  115.000000  23.000000 
  77  75  32  115.000000  23.000000 
  78  67  17  115.000000  23.000000 
  79  63  13  105.000000  21.000000 
  80  67  17  95.000000  19.000000 
  81  64  28  100.000000  20.000000 
  82  68  6  100.000000  20.000000 
  83  74  18  100.000000  20.000000 
  84  79  21  105.000000  21.000000 
  85  79  47  105.000000  21.000000 
  86  79  27  105.000000  21.000000 
  87  79  32  105.000000  21.000000 
  88  76  28  105.000000  21.000000 
  89  75  28  105.000000  21.000000 
  90  63  31  105.000000  21.000000 
  91  60  8  105.000000  21.000000 
  92  63  10  110.000000  22.000000 
  93  71  9  110.000000  22.000000 
  94  67  23  105.000000  21.000000 
  95  76  19  105.000000  21.000000 
  96  79  23  105.000000  21.000000 
  97  79  30  105.000000  21.000000 
  98  78  20  105.000000  21.000000 
  99  79  31  105.000000  21.000000 
  100  76  26  105.000000  21.000000 
  101  70  23  105.000000  21.000000 
  102  63  18  105.000000  21.000000 
  103  60  18  105.000000  21.000000 
  104  68  1  105.000000  21.000000 
  105  68  16  110.000000  22.000000 
  106  72  13  110.000000  22.000000 
  107  73  24  115.000000  23.000000 
  108  77  22  115.000000  23.000000 
  109  77  32  115.000000  23.000000 
  110  76  33  115.000000  23.000000 
  111  77  28  115.000000  23.000000 
  112  70  28  115.000000  23.000000 
  113  66  22  115.000000  23.000000 
  114  52  17  120.000000  24.000000 
  115  65  13  125.000000  25.000000 
  116  67  18  115.000000  23.000000 
  117  71  21  115.000000  23.000000 
  118  74  25  115.000000  23.000000 
  119  72  17  115.000000  23.000000 
  120  77  25  115.000000  23.000000 
  121  77  36  115.000000  23.000000 
  122  75  21  115.000000  23.000000 
  123  75  23  115.000000  23.000000 
  124  70  37  115.000000  23.000000 
  125  62  23  105.000000  21.000000 
  126  59  13  105.000000  21.000000 
  127  69  12  110.000000  22.000000 
  128  70  30  115.000000  23.000000 
  129  71  16  115.000000  23.000000 
  130  73  17  115.000000  23.000000 
  131  74  22  115.000000  23.000000 
  132  77  26  115.000000  23.000000 
  133  77  41  115.000000  23.000000 
  134  74  32  115.000000  23.000000 
  135  71  34  115.000000  23.000000 
  136  62  25  115.000000  23.000000 
  137  62  24  120.000000  24.000000 
  138  67  17  100.000000  20.000000 
  139  73  9  95.000000  19.000000 
  140  75  21  90.000000  18.000000 
  141  75  30  90.000000  18.000000 
  142  78  5  90.000000  18.000000 
  143  82  22  90.000000  18.000000 
  144  82  24  90.000000  18.000000 
  145  80  27  90.000000  18.000000 
  146  78  24  90.000000  18.000000 
  147  72  33  95.000000  19.000000 
  148  65  12  95.000000  19.000000 
  149  65  14  95.000000  19.000000 
  150  67  13  100.000000  20.000000 
  151  73  12  95.000000  19.000000 
  152  78  23  95.000000  19.000000 
  153  74  26  95.000000  19.000000 
  154  77  24  95.000000  19.000000 
  155  81  24  95.000000  19.000000 
  156  81  38  95.000000  19.000000 
  157  78  33  95.000000  19.000000 
  158  73  33  95.000000  19.000000 
  159  72  18  90.000000  18.000000 
  160  66  23  90.000000  18.000000 
  161  64  22  100.000000  20.000000 
  162  71  12  105.000000  21.000000 
  163  72  22  105.000000  21.000000 
  164  74  14  105.000000  21.000000 
  165  71  30  110.000000  22.000000 
  166  77  22  110.000000  22.000000 
  167  78  42  110.000000  22.000000 
  168  77  27  110.000000  22.000000 
  169  74  24  110.000000  22.000000 
  170  67  21  105.000000  21.000000 
  171  67  22  115.000000  23.000000 
  172  61  15  115.000000  23.000000 
  173  67  7  115.000000  23.000000 
  174  66  18  115.000000  23.000000 
  175  71  19  115.000000  23.000000 
  176  77  14  110.000000  22.000000 
  177  71  24  110.000000  22.000000 
  178  77  25  115.000000  23.000000 
  179  77  38  115.000000  23.000000 
  180  73  32  115.000000  23.000000 
  181  70  24  115.000000  23.000000 
  182  65  37  115.000000  23.000000 
  183  67  9  110.000000  22.000000 
  184  65  10  110.000000  22.000000 
  185  67  15  110.000000  22.000000 
  186  70  17  110.000000  22.000000 
  187  75  24  105.000000  21.000000 
  188  74  19  110.000000  22.000000 
  189  76  26  105.000000  21.000000 
  190  79  30  105.000000  21.000000 
  191  78  32  105.000000  21.000000 
  192  72  25  105.000000  21.000000 
  193  70  18  105.000000  21.000000 
  194  69  19  105.000000  21.000000 
  195  65  18  95.000000  19.000000 
  196  68  12  105.000000  21.000000 
  197  71  27  105.000000  21.000000 
  198  73  18  105.000000  21.000000 
  199  74  17  105.000000  21.000000 
  200  74  25  110.000000  22.000000 
  201  76  33  110.000000  22.000000 
  202  77  33  110.000000  22.000000 
  203  74  22  110.000000  22.000000 
  204  69  31  110.000000  22.000000 
  205  72  27  100.000000  20.000000 
  206  64  23  100.000000  20.000000 
  207  66  17  110.000000  22.000000 
  208  71  16  100.000000  20.000000 
  209  73  18  100.000000  20.000000 
  210  76  20  100.000000  20.000000 
  211  76  23  100.000000  20.000000 
  212  76  29  100.000000  20.000000 
  213  81  19  95.000000  19.000000 
  214  76  41  95.000000  19.000000 
  215  74  20  95.000000  19.000000 
  216  72  27  95.000000  19.000000 
  217  72  17  95.000000  19.000000 
  218  66  27  95.000000  19.000000 
  219  70  15  95.000000  19.000000 
  220  72  12  100.000000  20.000000 
  221  74  28  100.000000  20.000000 
  222  74  11  105.000000  21.000000 
  223  77  23  105.000000  21.000000 
  224  75  18  105.000000  21.000000 
  225  77  23  105.000000  21.000000 
  226  73  22  105.000000  21.000000 
  227  70  21  100.000000  20.000000 
  228  71  22  100.000000  20.000000 
  229  65  15  100.000000  20.000000 
  230  70  11  105.000000  21.000000 
  231  71  21  105.000000  21.000000 
  232  73  27  105.000000  21.000000 
  233  74  36  105.000000  21.000000 
  234  77  26  95.000000  19.000000 
  235  78  18  95.000000  19.000000 
  236  77  32  95.000000  19.000000 
  237  77  30  95.000000  19.000000 
  238  73  21  95.000000  19.000000 
  239  70  24  95.000000  19.000000 
  240  69  19  100.000000  20.000000 
  241  68  21  100.000000  20.000000 
  242  73  26  100.000000  20.000000 
  243  74  16  100.000000  20.000000 
  244  72  22  100.000000  20.000000 
  245  76  22  100.000000  20.000000 
  246  75  33  105.000000  21.000000 
  247  74  25  105.000000  21.000000 
  248  77  20  105.000000  21.000000 
  249  72  24  105.000000  21.000000 
  250  72  19  105.000000  21.000000 
  251  66  18  105.000000  21.000000 
  252  68  25  105.000000  21.000000 
  253  69  22  105.000000  21.000000 
  254  74  18  105.000000  21.000000 
  255  70  22  105.000000  21.000000 
  256  75  16  105.000000  21.000000 
  257  75  26  105.000000  21.000000 
  258  75  16  105.000000  21.000000 
  259  75  29  105.000000  21.000000 
  260  75  27  105.000000  21.000000 
  261  71  19  105.000000  21.000000 
  262  68  20  105.000000  21.000000 
  263  69  29  105.000000  21.000000 
  264  69  17  105.000000  21.000000 
  265  71  22  110.000000  22.000000 
  266  72  20  110.000000  22.000000 
  267  67  32  110.000000  22.000000 
  268  75  16  110.000000  22.000000 
  269  74  30  110.000000  22.000000 
  270  76  33  110.000000  22.000000 
  271  74  30  105.000000  21.000000 
  272  73  16  100.000000  20.000000 
  273  71  12  100.000000  20.000000 
  274  69  20  100.000000  20.000000 
  275  71  23  100.000000  20.000000 
  276  69  18  110.000000  22.000000 
  277  73  6  110.000000  22.000000 
  278  70  32  110.000000  22.000000 
  279  70  28  110.000000  22.000000 
  280  75  17  110.000000  22.000000 
  281  74  22  110.000000  22.000000 
  282  74  18  110.000000  22.000000 
  283  71  24  110.000000  22.000000 
  284  72  18  110.000000  22.000000 
  285  63  27  110.000000  22.000000 
  286  74  8  110.000000  22.000000 
  287  72  24  105.000000  21.000000 
  288  69  26  105.000000  21.000000 
  289  74  19  105.000000  21.000000 
  290  70  18  105.000000  21.000000 
  291  73  18  100.000000  20.000000 
  292  79  24  100.000000  20.000000 
  293  75  26  100.000000  20.000000 
  294  75  24  100.000000  20.000000 
  295  73  19  100.000000  20.000000 
  296  71  20  100.000000  20.000000 
  297  71  27  100.000000  20.000000 
  298  70  15  105.000000  21.000000 
  299  72  26  105.000000  21.000000 
  300  72  36  105.000000  21.000000 
  301  72  22  105.000000  21.000000 
  302  70  27  100.000000  20.000000 
  303  76  20  100.000000  20.000000 
  304  77  33  100.000000  20.000000 
  305  73  36  105.000000  21.000000 
  306  73  23  110.000000  22.000000 
  307  67  22  110.000000  22.000000 
  308  71  18  110.000000  22.000000 
  309  71  16  110.000000  22.000000 
  310  70  36  105.000000  21.000000 
  311  74  20  105.000000  21.000000 
  312  72  20  105.000000  21.000000 
  313  67  18  105.000000  21.000000 
  314  72  16  105.000000  21.000000 
  315  78  20  105.000000  21.000000 
  316  76  26  105.000000  21.000000 
  317  72  39  105.000000  21.000000 
  318  71  24  105.000000  21.000000 
  319  73  23  105.000000  21.000000 
  320  68  29  105.000000  21.000000 
  321  72  20  110.000000  22.000000 
  322  70  24  110.000000  22.000000 
  323  72  14  110.000000  22.000000 
  324  67  20  110.000000  22.000000 
  325  68  19  105.000000  21.000000 
  326  78  25  105.000000  21.000000 
  327  77  22  105.000000  21.000000 
  328  74  31  105.000000  21.000000 
  329  71  11  100.000000  20.000000 
  330  74  19  105.000000  21.000000 
  331  71  29  105.000000  21.000000 
  332  71  20  100.000000  20.000000 
  333  71  25  100.000000  20.000000 
  334  74  11  95.000000  19.000000 
  335  74  28  95.000000  19.000000 
  336  69  20  95.000000  19.000000 
  337  76  17  90.000000  18.000000 
  338  82  19  85.000000  17.000000 
  339  80  25  85.000000  17.000000 
  340  75  31  85.000000  17.000000 
  341  73  23  85.000000  17.000000 
  342  77  12  85.000000  17.000000 
  343  78  19  85.000000  17.000000 
  344  68  16  90.000000  18.000000 
  345  78  23  90.000000  18.000000 
  346  72  22  90.000000  18.000000 
  347  73  15  90.000000  18.000000 
  348  74  19  90.000000  18.000000 
  349  77  33  90.000000  18.000000 
  350  80  28  90.000000  18.000000 
  351  78  30  90.000000  18.000000 
  352  69  21  90.000000  18.000000 
  353  75  13  95.000000  19.000000 
  354  73  28  105.000000  21.000000 
  355  69  19  105.000000  21.000000 
  356  74  18  105.000000  21.000000 
  357  72  19  100.000000  20.000000 
  358  74  24  95.000000  19.000000 
  359  69  28  95.000000  19.000000 
  360  75  16  90.000000  18.000000 
  361  79  23  90.000000  18.000000 
  362  80  20  90.000000  18.000000 
  363  73  31  90.000000  18.000000 
  364  76  33  90.000000  18.000000 
  365  72  26  90.000000  18.000000 
  366  80  13  85.000000  17.000000 
  367  73  29  85.000000  17.000000 
  368  77  16  85.000000  17.000000 
  369  74  24  85.000000  17.000000 
  370  73  15  85.000000  17.000000 
  371  74  27  85.000000  17.000000 
  372  76  9  85.000000  17.000000 
  373  81  29  85.000000  17.000000 
  374  77  34  85.000000  17.000000 
  375  73  20  85.000000  17.000000 
  376  76  30  90.000000  18.000000 
  377  74  35  95.000000  19.000000 
  378  77  13  95.000000  19.000000 
  379  73  32  95.000000  19.000000 
  380  68  26  100.000000  20.000000 
  381  73  17  95.000000  19.000000 
  382  74  21  95.000000  19.000000 
  383  71  17  95.000000  19.000000 
  384  76  26  100.000000  20.000000 
  385  76  32  100.000000  20.000000 
  386  74  38  100.000000  20.000000 
  387  71  24  100.000000  20.000000 
  388  75  20  100.000000  20.000000 
  389  75  26  100.000000  20.000000 
  390  73  26  100.000000  20.000000 
  391  74  19  95.000000  19.000000 
  392  68  25  100.000000  20.000000 
  393  72  17  100.000000  20.000000 
  394  70  27  105.000000  21.000000 
  395  74  15  105.000000  21.000000 
  396  74  29  105.000000  21.000000 
  397  76  19  105.000000  21.000000 
  398  70  20  105.000000  21.000000 
  399  75  17  95.000000  19.000000 
  400  74  18  95.000000  19.000000 
  401  78  17  90.000000  18.000000 
  402  74  26  90.000000  18.000000 
  403  74  19  90.000000  18.000000 
  404  71  28  90.000000  18.000000 
  405  73  27  90.000000  18.000000 
  406  75  21  85.000000  17.000000 
  407  78  20  85.000000  17.000000 
  408  80  30  85.000000  17.000000 
  409  75  32  85.000000  17.000000 
  410  76  23  90.000000  18.000000 
  411  72  31  90.000000  18.000000 
  412  77  22  90.000000  18.000000 
  413  76  25  90.000000  18.000000 
  414  77  26  90.000000  18.000000 
  415  73  25  90.000000  18.000000 
  416  72  24  90.000000  18.000000 
  417  69  18  95.000000  19.000000 
  418  76  11  90.000000  18.000000 
  419  77  25  95.000000  19.000000 
  420  75  24  95.000000  19.000000 
  421  75  24  100.000000  20.000000 
  422  71  24  100.000000  20.000000 
  423  73  20  100.000000  20.000000 
  424  72  17  100.000000  20.000000 
  425  77  17  100.000000  20.000000 
  426  72  37  100.000000  20.000000 
  427  71  21  100.000000  20.000000 
  428  69  16  100.000000  20.000000 
  429  72  11  100.000000  20.000000 
  430  73  25  100.000000  20.000000 
  431  78  26  100.000000  20.000000 
  432  75  25  100.000000  20.000000 
  433  71  22  100.000000  20.000000 
  434  74  21  100.000000  20.000000 
  435  72  21  100.000000  20.000000 
  436  75  24  100.000000  20.000000 
  437  75  7  100.000000  20.000000 
  438  72  42  100.000000  20.000000 
  439  69  18  95.000000  19.000000 
  440  72  10  95.000000  19.000000 
  441  73  16  100.000000  20.000000 
  442  76  20  95.000000  19.000000 
  443  75  20  95.000000  19.000000 
  444  79  28  95.000000  19.000000 
  445  74  30  95.000000  19.000000 
  446  71  23  95.000000  19.000000 
  447  74  14  95.000000  19.000000 
  448  76  31  90.000000  18.000000 
  449  79  22  90.000000  18.000000 
  450  72  23  90.000000  18.000000 
  451  69  23  90.000000  18.000000 
  452  75  4  90.000000  18.000000 
  453  72  26  90.000000  18.000000 
  454  78  20  95.000000  19.000000 
  455  77  23  95.000000  19.000000 
  456  74  28  95.000000  19.000000 
  457  78  22  95.000000  19.000000 
  458  72  27  95.000000  19.000000 
  459  70  31  100.000000  20.000000 
  460  73  18  105.000000  21.000000 
  461  75  26  105.000000  21.000000 
  462  68  25  105.000000  21.000000 
  463  66  15  105.000000  21.000000 
  464  74  31  105.000000  21.000000 
  465  72  17  105.000000  21.000000 
  466  73  24  105.000000  21.000000 
  467  77  23  105.000000  21.000000 
  468  72  22  105.000000  21.000000 
  469  75  13  105.000000  21.000000 
  470  68  21  105.000000  21.000000 
  471  71  20  105.000000  21.000000 
  472  79  14  100.000000  20.000000 
  473  75  27  100.000000  20.000000 
  474  65  35  100.000000  20.000000 
  475  71  16  100.000000  20.000000 
  476  69  14  100.000000  20.000000 
  477  77  16  100.000000  20.000000 
  478  77  24  100.000000  20.000000 
  479  74  33  100.000000  20.000000 
  480  76  19  100.000000  20.000000 
  481  73  20  100.000000  20.000000 
  482  68  24  100.000000  20.000000 
  483  76  17  100.000000  20.000000 
  484  76  25  100.000000  20.000000 
  485  71  21  100.000000  20.000000 
  486  67  21  100.000000  20.000000 
  487  71  19  100.000000  20.000000 
  488  74  10  95.000000  19.000000 
  489  77  16  95.000000  19.000000 
  490  74  19  95.000000  19.000000 
  491  78  24  95.000000  19.000000 
  492  77  30  95.000000  19.000000 
  493  72  25  95.000000  19.000000 
  494  72  17  95.000000  19.000000 
  495  77  24  95.000000  19.000000 
  496  73  33  95.000000  19.000000 
  497  70  22  95.000000  19.000000 
  498  73  12  90.000000  18.000000 
  499  72  23  90.000000  18.000000 
  500  77  24  90.000000  18.000000 
  501  74  28  90.000000  18.000000 
  502  80  26  90.000000  18.000000 
  503  79  25  90.000000  18.000000 
  504  74  31  90.000000  18.000000 
  505  76  15  80.000000  16.000000 
  506  78  21  80.000000  16.000000 
  507  77  25  80.000000  16.000000 
  508  80  15  80.000000  16.000000 
  509  69  17  80.000000  16.000000 
  510  75  19  80.000000  16.000000 
  511  75  21  80.000000  16.000000 
  512  78  23  80.000000  16.000000 
  513  79  17  80.000000  16.000000 
  514  81  25  80.000000  16.000000 
  515  75  24  80.000000  16.000000 
  516  74  19  85.000000  17.000000 
  517  78  27  85.000000  17.000000 
  518  76  34  85.000000  17.000000 
  519  79  25  85.000000  17.000000 
  520  72  21  85.000000  17.000000 
  521  74  23  85.000000  17.000000 
  522  70  47  80.000000  16.000000 
  523  80  19  85.000000  17.000000 
  524  75  42  85.000000  17.000000 
  525  79  28  85.000000  17.000000 
  526  77  28  85.000000  17.000000 
  527  72  29  90.000000  18.000000 
  528  79  14  90.000000  18.000000 
  529  73  29  90.000000  18.000000 
  530  79  21  85.000000  17.000000 
  531  76  27  85.000000  17.000000 
  532  72  19  80.000000  16.000000 
  533  74  17  80.000000  16.000000 
  534  76  15  80.000000  16.000000 
  535  76  13  85.000000  17.000000 
  536  77  21  85.000000  17.000000 
  537  79  26  85.000000  17.000000 
  538  75  25  85.000000  17.000000 
  539  77  14  85.000000  17.000000 
  540  77  21  85.000000  17.000000 
  541  75  17  85.000000  17.000000 
  542  78  27  90.000000  18.000000 
  543  72  18  90.000000  18.000000 
  544  72  17  90.000000  18.000000 
  545  71  22  95.000000  19.000000 
  546  73  22  90.000000  18.000000 
  547  79  20  90.000000  18.000000 
  548  74  37  90.000000  18.000000 
  549  77  30  90.000000  18.000000 
  550  75  26  90.000000  18.000000 
  551  74  21  90.000000  18.000000 
  552  76  16  90.000000  18.000000 
  553  80  26  90.000000  18.000000 
  554  74  26  90.000000  18.000000 
  555  70  33  85.000000  17.000000 
  556  74  15  85.000000  17.000000 
  557  71  22  90.000000  18.000000 
  558  75  27  100.000000  20.000000 
  559  77  20  100.000000  20.000000 
  560  72  25  100.000000  20.000000 
  561  74  18  100.000000  20.000000 
  562  71  21  100.000000  20.000000 
  563  76  19  100.000000  20.000000 
  564  76  22  100.000000  20.000000 
  565  73  31  100.000000  20.000000 
  566  71  20  100.000000  20.000000 
  567  68  24  100.000000  20.000000 
  568  72  18  105.000000  21.000000 
  569  70  11  105.000000  21.000000 
  570  77  23  105.000000  21.000000 
  571  70  35  105.000000  21.000000 
  572  75  16  100.000000  20.000000 
  573  73  30  100.000000  20.000000 
  574  75  25  100.000000  20.000000 
  575  72  18  100.000000  20.000000 
  576  76  20  100.000000  20.000000 
  577  71  22  100.000000  20.000000 
  578  74  16  100.000000  20.000000 
  579  71  20  100.000000  20.000000 
  580  69  17  100.000000  20.000000 
  581  73  17  105.000000  21.000000 
  582  78  20  100.000000  20.000000 
  583  70  36  100.000000  20.000000 
  584  74  22  100.000000  20.000000 
  585  72  26  100.000000  20.000000 
  586  75  22  100.000000  20.000000 
  587  72  20  100.000000  20.000000 
  588  75  11  100.000000  20.000000 
  589  76  20  100.000000  20.000000 
  590  68  22  100.000000  20.000000 
  591  72  19  100.000000  20.000000 
  592  74  20  95.000000  19.000000 
  593  76  24  90.000000  18.000000 
  594  78  22  90.000000  18.000000 
  595  73  38  90.000000  18.000000 
  596  74  32  95.000000  19.000000 
  597  72  22  100.000000  20.000000 
  598  73  23  100.000000  20.000000 
  599  76  17  100.000000  20.000000 
  600  77  23  100.000000  20.000000 
  601  68  21  100.000000  20.000000 
  602  71  16  100.000000  20.000000 
  603  72  11  95.000000  19.000000 
  604  75  24  95.000000  19.000000 
  605  75  16  90.000000  18.000000 
  606  74  36  95.000000  19.000000 
  607  76  23  95.000000  19.000000 
  608  75  26  95.000000  19.000000 
  609  74  25  95.000000  19.000000 
  610  74  22  95.000000  19.000000 
  611  77  22  95.000000  19.000000 
  612  77  33  95.000000  19.000000 
  613  67  24  95.000000  19.000000 
  614  73  27  95.000000  19.000000 
  615  70  17  100.000000  20.000000 
  616  74  23  105.000000  21.000000 
  617  73  16  105.000000  21.000000 
  618  73  31  105.000000  21.000000 
  619  71  21  105.000000  21.000000 
  620  71  26  105.000000  21.000000 
  621  72  17  105.000000  21.000000 
  622  76  17  105.000000  21.000000 
  623  75  30  100.000000  20.000000 
  624  72  24  100.000000  20.000000 
  625  69  23  100.000000  20.000000 
  626  72  15  95.000000  19.000000 
  627  78  17  95.000000  19.000000 
  628  75  36  95.000000  19.000000 
  629  73  30  100.000000  20.000000 
  630  72  21  100.000000  20.000000 
  631  74  8  100.000000  20.000000 
  632  70  32  100.000000  20.000000 
  633  77  15  90.000000  18.000000 
  634  76  23  90.000000  18.000000 
  635  76  16  90.000000  18.000000 
  636  73  23  90.000000  18.000000 
  637  70  25  90.000000  18.000000 
  638  76  28  95.000000  19.000000 
  639  79  17  95.000000  19.000000 
  640  75  30  90.000000  18.000000 
  641  74  23  85.000000  17.000000 
  642  78  26  85.000000  17.000000 
  643  72  20  85.000000  17.000000 
  644  73  17  90.000000  18.000000 
  645  78  27  90.000000  18.000000 
  646  75  19  90.000000  18.000000 
  647  75  23  95.000000  19.000000 
  648  69  24  95.000000  19.000000 
  649  73  14  95.000000  19.000000 
  650  79  16  95.000000  19.000000 
  651  76  27  95.000000  19.000000 
  652  72  18  95.000000  19.000000 
  653  72  17  100.000000  20.000000 
  654  76  25  100.000000  20.000000 
  655  68  18  100.000000  20.000000 
  656  74  14  100.000000  20.000000 
  657  74  16  100.000000  20.000000 
  658  74  24  100.000000  20.000000 
  659  71  17  100.000000  20.000000 
  660  70  22  100.000000  20.000000 
  661  74  26  100.000000  20.000000 
  662  79  14  90.000000  18.000000 
  663  79  19  90.000000  18.000000 
  664  71  30  90.000000  18.000000 
  665  77  16  90.000000  18.000000 
  666  73  26  90.000000  18.000000 
  667  72  27  90.000000  18.000000 
  668  77  24  95.000000  19.000000 
  669  75  24  95.000000  19.000000 
  670  72  28  95.000000  19.000000 
  671  73  20  100.000000  20.000000 
  672  70  22  100.000000  20.000000 
  673  74  15  95.000000  19.000000 
  674  78  23  95.000000  19.000000 
  675  77  27  95.000000  19.000000 
  676  69  27  95.000000  19.000000 
  677  76  23  95.000000  19.000000 
  678  71  33  95.000000  19.000000 
  679  76  14  90.000000  18.000000 
  680  76  17  90.000000  18.000000 
  681  78  26  90.000000  18.000000 
  682  70  26  90.000000  18.000000 
  683  77  24  90.000000  18.000000 
  684  74  35  90.000000  18.000000 
  685  75  28  90.000000  18.000000 
  686  78  15  90.000000  18.000000 
  687  76  30  90.000000  18.000000 
  688  72  28  90.000000  18.000000 
  689  75  15  90.000000  18.000000 
  690  73  24  95.000000  19.000000 
  691  74  19  90.000000  18.000000 
  692  78  22  85.000000  17.000000 
  693  76  23  80.000000  16.000000 
  694  77  15  80.000000  16.000000 
  695  75  25  80.000000  16.000000 
  696  78  25  80.000000  16.000000 
  697  77  16  80.000000  16.000000 
  698  79  27  80.000000  16.000000 
  699  78  22  80.000000  16.000000 
  700  76  25  80.000000  16.000000 
  701  78  25  80.000000  16.000000 
  702  72  26  80.000000  16.000000 
  703  76  17  85.000000  17.000000 
  704  77  15  85.000000  17.000000 
  705  72  29  85.000000  17.000000 
  706  79  19  80.000000  16.000000 
  707  75  18  80.000000  16.000000 
  708  78  19  80.000000  16.000000 
  709  78  14  80.000000  16.000000 
  710  80  29  80.000000  16.000000 
  711  74  31  80.000000  16.000000 
  712  81  22  80.000000  16.000000 
  713  71  34  80.000000  16.000000 
  714  76  17  80.000000  16.000000 
  715  80  12  80.000000  16.000000 
  716  74  20  80.000000  16.000000 
  717  73  23  80.000000  16.000000 
  718  81  21  85.000000  17.000000 
  719  75  30  85.000000  17.000000 
